<?xml version="1.0" encoding="UTF-8"?>
<!DOCTYPE mapper PUBLIC "-//mybatis.org//DTD Mapper 3.0//EN" "http://mybatis.org/dtd/mybatis-3-mapper.dtd">
<mapper namespace="test.mapper">

<select id="id_check" resultType="integer">
	select 1 cnt from dual
</select>
<select id="gson_dto" resultType="dto.TestDTO">
	select #{field1}||'spr' field1, #{field2}||'spr' field2 ,#{field3}||'spr'  field3 from dual 
</select>
</mapper>